TN:
SF:/home/polo/Documents/linter-farch/index.js
FN:7,(anonymous_0)
FN:9,(anonymous_1)
FN:27,(anonymous_2)
FN:29,(anonymous_3)
FN:33,(anonymous_4)
FN:41,(anonymous_5)
FNF:6
FNH:6
FNDA:3,(anonymous_0)
FNDA:3,(anonymous_1)
FNDA:2,(anonymous_2)
FNDA:26,(anonymous_3)
FNDA:18,(anonymous_4)
FNDA:4,(anonymous_5)
DA:4,1
DA:5,1
DA:7,1
DA:8,3
DA:9,3
DA:10,3
DA:11,2
DA:16,2
DA:21,1
DA:22,1
DA:27,1
DA:28,2
DA:30,26
DA:31,26
DA:33,18
DA:41,1
DA:42,4
DA:43,4
DA:44,4
DA:45,3
DA:47,4
DA:48,1
DA:50,3
DA:54,1
LF:24
LH:24
BRDA:21,0,0,1
BRDA:21,0,1,0
BRDA:47,1,0,1
BRDA:47,1,1,3
BRF:4
BRH:3
end_of_record
