TN:
SF:/home/polo/Documents/linter-farch/index.js
FN:8,(anonymous_0)
FN:10,(anonymous_1)
FN:28,(anonymous_2)
FN:30,(anonymous_3)
FN:34,(anonymous_4)
FN:42,(anonymous_5)
FNF:6
FNH:6
FNDA:3,(anonymous_0)
FNDA:3,(anonymous_1)
FNDA:2,(anonymous_2)
FNDA:14,(anonymous_3)
FNDA:10,(anonymous_4)
FNDA:4,(anonymous_5)
DA:4,1
DA:5,1
DA:6,1
DA:8,1
DA:9,3
DA:10,3
DA:11,3
DA:12,2
DA:17,2
DA:22,1
DA:23,1
DA:28,1
DA:29,2
DA:31,14
DA:32,14
DA:34,10
DA:42,1
DA:43,4
DA:44,4
DA:45,4
DA:46,3
DA:48,4
DA:49,1
DA:51,3
DA:55,1
LF:25
LH:25
BRDA:22,0,0,1
BRDA:22,0,1,0
BRDA:48,1,0,1
BRDA:48,1,1,3
BRF:4
BRH:3
end_of_record
